<?xml version="1.0" encoding="UTF-8"?>
<!--
  Licensed to the Apache Software Foundation (ASF) under one
  or more contributor license agreements. See the NOTICE file
  distributed with this work for additional information
  regarding copyright ownership. The ASF licenses this file
  to you under the Apache License, Version 2.0 (the
  "License"); you may not use this file except in compliance
  with the License. You may obtain a copy of the License at

  http://www.apache.org/licenses/LICENSE-2.0

  Unless required by applicable law or agreed to in writing,
  software distributed under the License is distributed on an
  "AS IS" BASIS, WITHOUT WARRANTIES OR CONDITIONS OF ANY
  KIND, either express or implied. See the License for the
  specific language governing permissions and limitations
  under the License.
-->
<!-- START SNIPPET: beans -->
<beans xmlns="http://www.springframework.org/schema/beans"
       xmlns:xsi="http://www.w3.org/2001/XMLSchema-instance" xmlns:cxf="http://cxf.apache.org/core"
       xmlns:jaxrs="http://cxf.apache.org/jaxrs"
       xsi:schemaLocation="http://cxf.apache.org/core http://cxf.apache.org/schemas/core.xsd
                           http://cxf.apache.org/jaxrs http://cxf.apache.org/schemas/jaxrs.xsd
                           http://www.springframework.org/schema/beans http://www.springframework.org/schema/beans/spring-beans.xsd">

    <import resource="classpath:META-INF/cxf/cxf.xml" />

    <bean id="dataSource" class="org.apache.derby.jdbc.EmbeddedDataSource"
            depends-on="initializer">
        <property name="databaseName" value="memory:myDB;create=true"/>
        <property name="createDatabase" value="create" />
    </bean>

    <bean id="dbInitializer" class="org.talend.esb.sam.server.persistence.DBInitializer">
        <property name="dataSource" ref="dataSource"/>
        <property name="dialect" value="derbyDialect"/>
    </bean>

    <bean id="eventRepository" class="org.talend.esb.sam.server.persistence.EventRepositoryImpl"
            init-method="init">
        <property name="dataSource" ref="dataSource"/>
        <property name="dialect" value="derbyDialect" />
    </bean>

    <bean id="samProvider" class="org.talend.esb.sam.server.persistence.SAMProviderImpl"
            init-method="init">
        <property name="dataSource" ref="dataSource"/>
        <property name="dialect" value="derbyDialect"/>
    </bean>

    <bean id="samRestService" class="org.talend.esb.sam.service.rest.SAMRestServiceImpl">
        <property name="provider" ref="samProvider"/>
    </bean>

    <bean id="initializer" class="org.talend.esb.sam.service.rest.SamRestServiceImplTest.SystemPropertyInitializer"/>

    <cxf:bus>
        <cxf:features>
            <cxf:logging />
        </cxf:features>
    </cxf:bus>

    <jaxrs:server id="sampleServer" address="local://sam-rest">
        <jaxrs:serviceBeans>
            <ref bean="samRestService" />
        </jaxrs:serviceBeans>
        <jaxrs:providers>
            <bean class="org.talend.esb.sam.service.rest.SAMExceptionMapper" />
            <bean class="org.apache.cxf.jaxrs.provider.json.JSONProvider">
                <property name="ignoreNamespaces" value="true" />
                <property name="dropRootElement" value="true" />
            </bean>
            <bean class="org.apache.cxf.jaxrs.provider.jsrjsonp.JsrJsonpProvider"/>
        </jaxrs:providers>
    </jaxrs:server>

</beans>

